<?xml version="1.0" encoding="UTF-8"?>
<!-- Generated by org.testng.reporters.JUnitReportReporter -->
<testsuite hostname="Alfin" failures="0" tests="1" name="ErrorValidation" time="1.299" errors="0" timestamp="2024-08-02T12:56:29 CST" skipped="0">
  <testcase classname="ErrorValidation" name="errorCheck" time="1.299"/>
</testsuite> <!-- ErrorValidation -->
