<?xml version="1.0" encoding="UTF-8"?>
<!-- Generated by org.testng.reporters.JUnitReportReporter -->
<testsuite hostname="Alfin" failures="0" tests="1" name="myporto.cucumber.TestNGRunner" time="13.457" errors="0" timestamp="2024-08-12T15:56:57 CST" skipped="0">
  <testcase classname="myporto.cucumber.TestNGRunner" name="runScenario" time="13.457"/>
</testsuite> <!-- myporto.cucumber.TestNGRunner -->
