<?xml version="1.0" encoding="UTF-8"?>
<!-- Generated by org.testng.reporters.JUnitReportReporter -->
<testsuite hostname="Alfin" failures="0" tests="1" name="StandAloneTest" time="13.593" errors="0" timestamp="2024-08-02T11:03:25 CST" skipped="0">
  <testcase classname="StandAloneTest" name="submitOrder" time="13.593"/>
</testsuite> <!-- StandAloneTest -->
