<?xml version="1.0" encoding="UTF-8"?>
<!-- Generated by org.testng.reporters.JUnitReportReporter -->
<testsuite hostname="Alfin" failures="0" tests="3" name="myporto.test.SubmitOrder" time="33.887" errors="0" timestamp="2024-08-06T07:34:06 CST" skipped="0">
  <testcase classname="myporto.test.SubmitOrder" name="OrderHistoryTest" time="11.312"/>
  <testcase classname="myporto.test.SubmitOrder" name="submitOrder" time="11.512"/>
  <testcase classname="myporto.test.SubmitOrder" name="submitOrder" time="11.063"/>
</testsuite> <!-- myporto.test.SubmitOrder -->
