<?xml version="1.0" encoding="UTF-8"?>
<!-- Generated by org.testng.reporters.JUnitReportReporter -->
<testsuite hostname="Alfin" failures="0" tests="2" name="myporto.test.SubmitOrder" time="25.142" errors="0" timestamp="2024-08-07T07:10:31 CST" skipped="0">
  <testcase classname="myporto.test.SubmitOrder" name="submitOrder" time="14.489"/>
  <testcase classname="myporto.test.SubmitOrder" name="submitOrder" time="10.653"/>
</testsuite> <!-- myporto.test.SubmitOrder -->
